[debug] [2021-07-21T10:46:34.142Z] ----------------------------------------------------------------------
[debug] [2021-07-21T10:46:34.145Z] Command:       C:\Program Files\nodejs\node.exe C:\Users\ThilinaSandunsiri\AppData\Roaming\npm\node_modules\firebase-tools\lib\bin\firebase.js init
[debug] [2021-07-21T10:46:34.145Z] CLI Version:   9.16.0
[debug] [2021-07-21T10:46:34.146Z] Platform:      win32
[debug] [2021-07-21T10:46:34.146Z] Node Version:  v12.16.1
[debug] [2021-07-21T10:46:34.147Z] Time:          Wed Jul 21 2021 16:16:34 GMT+0530 (India Standard Time)
[debug] [2021-07-21T10:46:34.148Z] ----------------------------------------------------------------------
[debug] 
[debug] [2021-07-21T10:46:34.166Z] > command requires scopes: ["email","openid","https://www.googleapis.com/auth/cloudplatformprojects.readonly","https://www.googleapis.com/auth/firebase","https://www.googleapis.com/auth/cloud-platform"]
[debug] [2021-07-21T10:46:34.167Z] > authorizing via signed-in user (ktmsandunsiri@gmail.com)
[info] 
     ######## #### ########  ######## ########     ###     ######  ########
     ##        ##  ##     ## ##       ##     ##  ##   ##  ##       ##
     ######    ##  ########  ######   ########  #########  ######  ######
     ##        ##  ##    ##  ##       ##     ## ##     ##       ## ##
     ##       #### ##     ## ######## ########  ##     ##  ######  ########

You're about to initialize a Firebase project in this directory:

  C:\Projects\POCs\angularLocalizePOC

Before we get started, keep in mind:

  * You are currently outside your home directory

[info] 
=== Project Setup
[info] 
[info] First, let's associate this project directory with a Firebase project.
[info] You can create multiple project aliases by running firebase use --add, 
[info] but for now we'll just set up a default project.
[info] 
[debug] [2021-07-21T10:47:19.099Z] >>> [apiv2][query] GET https://firebase.googleapis.com/v1beta1/projects pageSize=100
[debug] [2021-07-21T10:47:20.134Z] <<< [apiv2][status] GET https://firebase.googleapis.com/v1beta1/projects 200
[debug] [2021-07-21T10:47:20.134Z] <<< [apiv2][body] GET https://firebase.googleapis.com/v1beta1/projects [omitted]
[info] i  Using project cateringlangswich (CateringLangSwich) 
[info] 
=== Hosting:github Setup
[info] 
[info] i  Detected a .git folder at C:\Projects\POCs\angularLocalizePOC 
[info] i  Authorizing with GitHub to upload your service account to a GitHub repository's secrets store. 
[info] 
[info] Visit this URL on this device to log in:
[info] https://github.com/login/oauth/authorize?client_id=89cf50f02ac6aaed3484&state=839234453&redirect_uri=http%3A%2F%2Flocalhost%3A9006&scope=read%3Auser%20repo%20public_repo
[info] 
[info] Waiting for authentication...
[debug] [2021-07-21T10:48:02.601Z] >>> HTTP REQUEST POST https://github.com/login/oauth/access_token  
 {"client_id":"89cf50f02ac6aaed3484","client_secret":"3330d14abc895d9a74d5f17cd7a00711fa2c5bf0","code":"8aeb241768f49bfc8424","redirect_uri":"http://localhost:9006","state":"839234453"}
[debug] [2021-07-21T10:48:03.305Z] <<< HTTP RESPONSE 200 {"server":"GitHub.com","date":"Wed, 21 Jul 2021 10:48:05 GMT","content-type":"application/json; charset=utf-8","transfer-encoding":"chunked","vary":"X-PJAX, Accept-Encoding, Accept, X-Requested-With","permissions-policy":"interest-cohort=()","etag":"W/\"e8a20ff62c7ab657f062518d0f28dd5c\"","cache-control":"max-age=0, private, must-revalidate","strict-transport-security":"max-age=31536000; includeSubdomains; preload","x-frame-options":"deny","x-content-type-options":"nosniff","x-xss-protection":"0","referrer-policy":"origin-when-cross-origin, strict-origin-when-cross-origin","expect-ct":"max-age=2592000, report-uri=\"https://api.github.com/_private/browser/errors\"","content-security-policy":"default-src 'none'; base-uri 'self'; block-all-mixed-content; connect-src 'self' uploads.github.com www.githubstatus.com collector.githubapp.com api.github.com github-cloud.s3.amazonaws.com github-production-repository-file-5c1aeb.s3.amazonaws.com github-production-upload-manifest-file-7fdce7.s3.amazonaws.com github-production-user-asset-6210df.s3.amazonaws.com cdn.optimizely.com logx.optimizely.com/v1/events translator.github.com wss://alive.github.com; font-src github.githubassets.com; form-action 'self' github.com gist.github.com; frame-ancestors 'none'; frame-src render.githubusercontent.com render-temp.githubusercontent.com viewscreen.githubusercontent.com; img-src 'self' data: github.githubassets.com identicons.github.com collector.githubapp.com github-cloud.s3.amazonaws.com secured-user-images.githubusercontent.com/ *.githubusercontent.com; manifest-src 'self'; media-src 'none'; script-src github.githubassets.com; style-src 'unsafe-inline' github.githubassets.com; worker-src github.com/socket-worker-3f088aa2.js gist.github.com/socket-worker-3f088aa2.js","x-github-request-id":"80BB:68AD:D0228:DE51F:60F7FB65"}
[debug] [2021-07-21T10:48:03.316Z] >>> [apiv2][query] GET https://api.github.com/user [none]
[debug] [2021-07-21T10:48:04.067Z] <<< [apiv2][status] GET https://api.github.com/user 200
[debug] [2021-07-21T10:48:04.068Z] <<< [apiv2][body] GET https://api.github.com/user {"login":"ktmsandunsiri","id":11512840,"node_id":"MDQ6VXNlcjExNTEyODQw","avatar_url":"https://avatars.githubusercontent.com/u/11512840?v=4","gravatar_id":"","url":"https://api.github.com/users/ktmsandunsiri","html_url":"https://github.com/ktmsandunsiri","followers_url":"https://api.github.com/users/ktmsandunsiri/followers","following_url":"https://api.github.com/users/ktmsandunsiri/following{/other_user}","gists_url":"https://api.github.com/users/ktmsandunsiri/gists{/gist_id}","starred_url":"https://api.github.com/users/ktmsandunsiri/starred{/owner}{/repo}","subscriptions_url":"https://api.github.com/users/ktmsandunsiri/subscriptions","organizations_url":"https://api.github.com/users/ktmsandunsiri/orgs","repos_url":"https://api.github.com/users/ktmsandunsiri/repos","events_url":"https://api.github.com/users/ktmsandunsiri/events{/privacy}","received_events_url":"https://api.github.com/users/ktmsandunsiri/received_events","type":"User","site_admin":false,"name":null,"company":null,"blog":"","location":null,"email":null,"hireable":null,"bio":null,"twitter_username":null,"public_repos":6,"public_gists":0,"followers":0,"following":0,"created_at":"2015-03-17T02:10:41Z","updated_at":"2021-07-21T10:47:58Z","private_gists":0,"total_private_repos":1,"owned_private_repos":1,"disk_usage":3642,"collaborators":3,"two_factor_authentication":false,"plan":{"name":"free","space":976562499,"collaborators":0,"private_repos":10000}}
[info] 
[info] +  Success! Logged into GitHub as ktmsandunsiri 
[info] 
[debug] [2021-07-21T10:49:19.057Z] ----------------------------------------------------------------------
[debug] [2021-07-21T10:49:19.061Z] Command:       C:\Program Files\nodejs\node.exe C:\Users\ThilinaSandunsiri\AppData\Roaming\npm\node_modules\firebase-tools\lib\bin\firebase.js init
[debug] [2021-07-21T10:49:19.061Z] CLI Version:   9.16.0
[debug] [2021-07-21T10:49:19.061Z] Platform:      win32
[debug] [2021-07-21T10:49:19.062Z] Node Version:  v12.16.1
[debug] [2021-07-21T10:49:19.063Z] Time:          Wed Jul 21 2021 16:19:19 GMT+0530 (India Standard Time)
[debug] [2021-07-21T10:49:19.063Z] ----------------------------------------------------------------------
[debug] 
[debug] [2021-07-21T10:49:19.074Z] > command requires scopes: ["email","openid","https://www.googleapis.com/auth/cloudplatformprojects.readonly","https://www.googleapis.com/auth/firebase","https://www.googleapis.com/auth/cloud-platform"]
[debug] [2021-07-21T10:49:19.075Z] > authorizing via signed-in user (ktmsandunsiri@gmail.com)
[info] 
     ######## #### ########  ######## ########     ###     ######  ########
     ##        ##  ##     ## ##       ##     ##  ##   ##  ##       ##
     ######    ##  ########  ######   ########  #########  ######  ######
     ##        ##  ##    ##  ##       ##     ## ##     ##       ## ##
     ##       #### ##     ## ######## ########  ##     ##  ######  ########

You're about to initialize a Firebase project in this directory:

  C:\Projects\POCs\angularLocalizePOC

Before we get started, keep in mind:

  * You are currently outside your home directory

